[2021-09-12 18:58:53.909] [exthost] [info] extension host started
[2021-09-12 18:58:53.934] [exthost] [info] ExtensionService#_doActivateExtension vscode.microsoft-authentication {"startup":false,"extensionId":{"value":"vscode.microsoft-authentication","_lower":"vscode.microsoft-authentication"},"activationEvent":"onAuthenticationRequest:microsoft"}
[2021-09-12 18:58:53.934] [exthost] [info] ExtensionService#loadCommonJSModule file:///opt/visual-studio-code/resources/app/extensions/microsoft-authentication/dist/extension.js
[2021-09-12 18:58:53.949] [exthost] [info] ExtensionService#_doActivateExtension vscode.debug-auto-launch {"startup":true,"extensionId":{"value":"vscode.debug-auto-launch","_lower":"vscode.debug-auto-launch"},"activationEvent":"*"}
[2021-09-12 18:58:53.949] [exthost] [info] ExtensionService#loadCommonJSModule file:///opt/visual-studio-code/resources/app/extensions/debug-auto-launch/dist/extension
[2021-09-12 18:58:53.951] [exthost] [info] ExtensionService#_doActivateExtension vscode.git {"startup":true,"extensionId":{"value":"vscode.github","_lower":"vscode.github"},"activationEvent":"*"}
[2021-09-12 18:58:53.951] [exthost] [info] ExtensionService#loadCommonJSModule file:///opt/visual-studio-code/resources/app/extensions/git/dist/main
[2021-09-12 18:58:53.964] [exthost] [info] ExtensionService#_doActivateExtension PKief.material-icon-theme {"startup":true,"extensionId":{"value":"PKief.material-icon-theme","_lower":"pkief.material-icon-theme"},"activationEvent":"*"}
[2021-09-12 18:58:53.965] [exthost] [info] ExtensionService#loadCommonJSModule file:///home/user/.vscode/extensions/pkief.material-icon-theme-4.10.0/dist/extension
[2021-09-12 18:58:54.024] [exthost] [info] ExtensionService#_doActivateExtension vscode.github {"startup":true,"extensionId":{"value":"vscode.github","_lower":"vscode.github"},"activationEvent":"*"}
[2021-09-12 18:58:54.024] [exthost] [info] ExtensionService#loadCommonJSModule file:///opt/visual-studio-code/resources/app/extensions/github/dist/extension.js
[2021-09-12 18:58:54.028] [exthost] [info] eager extensions activated
[2021-09-12 18:58:54.028] [exthost] [info] ExtensionService#_doActivateExtension ms-vscode.js-debug {"startup":false,"extensionId":{"value":"ms-vscode.js-debug","_lower":"ms-vscode.js-debug"},"activationEvent":"onCommand:extension.js-debug.clearAutoAttachVariables"}
[2021-09-12 18:58:54.028] [exthost] [info] ExtensionService#loadCommonJSModule file:///opt/visual-studio-code/resources/app/extensions/ms-vscode.js-debug/src/extension.js
[2021-09-12 18:58:54.123] [exthost] [info] ExtensionService#_doActivateExtension vscode.emmet {"startup":false,"extensionId":{"value":"vscode.emmet","_lower":"vscode.emmet"},"activationEvent":"onStartupFinished"}
[2021-09-12 18:58:54.123] [exthost] [info] ExtensionService#loadCommonJSModule file:///opt/visual-studio-code/resources/app/extensions/emmet/dist/node/emmetNodeMain
[2021-09-12 18:58:54.127] [exthost] [info] ExtensionService#_doActivateExtension vscode.merge-conflict {"startup":false,"extensionId":{"value":"vscode.merge-conflict","_lower":"vscode.merge-conflict"},"activationEvent":"onStartupFinished"}
[2021-09-12 18:58:54.127] [exthost] [info] ExtensionService#loadCommonJSModule file:///opt/visual-studio-code/resources/app/extensions/merge-conflict/dist/mergeConflictMain
[2021-09-12 18:58:54.201] [exthost] [info] ExtensionService#_doActivateExtension vscode.github-authentication {"startup":false,"extensionId":{"value":"vscode.github-authentication","_lower":"vscode.github-authentication"},"activationEvent":"onAuthenticationRequest:github"}
[2021-09-12 18:58:54.201] [exthost] [info] ExtensionService#loadCommonJSModule file:///opt/visual-studio-code/resources/app/extensions/github-authentication/dist/extension.js
[2021-09-12 18:59:16.408] [exthost] [info] extension host terminating: renderer closed the socket
[2021-09-12 18:59:17.413] [exthost] [info] exiting with code 0
[2021-09-12 18:59:17.798] [exthost] [info] extension host started
[2021-09-12 18:59:17.798] [exthost] [info] Skipping acquiring lock for /home/user/.config/Code/User/workspaceStorage/320f9158b6aba54d0b7cd60e3ddbc674.
[2021-09-12 18:59:17.839] [exthost] [info] ExtensionService#_doActivateExtension vscode.microsoft-authentication {"startup":false,"extensionId":{"value":"vscode.microsoft-authentication","_lower":"vscode.microsoft-authentication"},"activationEvent":"onAuthenticationRequest:microsoft"}
[2021-09-12 18:59:17.839] [exthost] [info] ExtensionService#loadCommonJSModule file:///opt/visual-studio-code/resources/app/extensions/microsoft-authentication/dist/extension.js
[2021-09-12 18:59:17.849] [exthost] [info] ExtensionService#_doActivateExtension vscode.debug-auto-launch {"startup":true,"extensionId":{"value":"vscode.debug-auto-launch","_lower":"vscode.debug-auto-launch"},"activationEvent":"*"}
[2021-09-12 18:59:17.849] [exthost] [info] ExtensionService#loadCommonJSModule file:///opt/visual-studio-code/resources/app/extensions/debug-auto-launch/dist/extension
[2021-09-12 18:59:17.850] [exthost] [info] ExtensionService#_doActivateExtension vscode.git {"startup":true,"extensionId":{"value":"vscode.github","_lower":"vscode.github"},"activationEvent":"*"}
[2021-09-12 18:59:17.850] [exthost] [info] ExtensionService#loadCommonJSModule file:///opt/visual-studio-code/resources/app/extensions/git/dist/main
[2021-09-12 18:59:17.862] [exthost] [info] ExtensionService#_doActivateExtension PKief.material-icon-theme {"startup":true,"extensionId":{"value":"PKief.material-icon-theme","_lower":"pkief.material-icon-theme"},"activationEvent":"*"}
[2021-09-12 18:59:17.863] [exthost] [info] ExtensionService#loadCommonJSModule file:///home/user/.vscode/extensions/pkief.material-icon-theme-4.10.0/dist/extension
[2021-09-12 18:59:17.949] [exthost] [info] ExtensionService#_doActivateExtension vscode.github {"startup":true,"extensionId":{"value":"vscode.github","_lower":"vscode.github"},"activationEvent":"*"}
[2021-09-12 18:59:17.949] [exthost] [info] ExtensionService#loadCommonJSModule file:///opt/visual-studio-code/resources/app/extensions/github/dist/extension.js
[2021-09-12 18:59:17.984] [exthost] [info] ExtensionService#_doActivateExtension ms-vscode.js-debug {"startup":false,"extensionId":{"value":"ms-vscode.js-debug","_lower":"ms-vscode.js-debug"},"activationEvent":"onCommand:extension.js-debug.clearAutoAttachVariables"}
[2021-09-12 18:59:17.984] [exthost] [info] ExtensionService#loadCommonJSModule file:///opt/visual-studio-code/resources/app/extensions/ms-vscode.js-debug/src/extension.js
[2021-09-12 18:59:18.064] [exthost] [info] eager extensions activated
[2021-09-12 18:59:18.093] [exthost] [info] ExtensionService#_doActivateExtension vscode.github-authentication {"startup":false,"extensionId":{"value":"vscode.github-authentication","_lower":"vscode.github-authentication"},"activationEvent":"onAuthenticationRequest:github"}
[2021-09-12 18:59:18.093] [exthost] [info] ExtensionService#loadCommonJSModule file:///opt/visual-studio-code/resources/app/extensions/github-authentication/dist/extension.js
[2021-09-12 18:59:18.100] [exthost] [info] ExtensionService#_doActivateExtension vscode.emmet {"startup":false,"extensionId":{"value":"vscode.emmet","_lower":"vscode.emmet"},"activationEvent":"onStartupFinished"}
[2021-09-12 18:59:18.100] [exthost] [info] ExtensionService#loadCommonJSModule file:///opt/visual-studio-code/resources/app/extensions/emmet/dist/node/emmetNodeMain
[2021-09-12 18:59:18.104] [exthost] [info] ExtensionService#_doActivateExtension vscode.merge-conflict {"startup":false,"extensionId":{"value":"vscode.merge-conflict","_lower":"vscode.merge-conflict"},"activationEvent":"onStartupFinished"}
[2021-09-12 18:59:18.104] [exthost] [info] ExtensionService#loadCommonJSModule file:///opt/visual-studio-code/resources/app/extensions/merge-conflict/dist/mergeConflictMain
[2021-09-12 18:59:25.262] [exthost] [info] ExtensionService#_doActivateExtension matklad.rust-analyzer {"startup":false,"extensionId":{"value":"matklad.rust-analyzer","_lower":"matklad.rust-analyzer"},"activationEvent":"workspaceContains:**/Cargo.toml"}
[2021-09-12 18:59:25.262] [exthost] [info] ExtensionService#loadCommonJSModule file:///home/user/.vscode/extensions/matklad.rust-analyzer-0.2.735/out/main
[2021-09-12 18:59:26.356] [exthost] [info] ExtensionService#_doActivateExtension eamodio.gitlens {"startup":false,"extensionId":{"value":"eamodio.gitlens","_lower":"eamodio.gitlens"},"activationEvent":"onStartupFinished"}
[2021-09-12 18:59:26.356] [exthost] [info] ExtensionService#loadCommonJSModule file:///home/user/.vscode/extensions/eamodio.gitlens-11.6.0/dist/gitlens
[2021-09-12 18:59:28.436] [exthost] [info] extension host terminating: renderer closed the socket
[2021-09-12 18:59:29.445] [exthost] [info] exiting with code 0
